# JRE version: Java(TM) SE Runtime Environment (8.0_60-b27) (build 1.8.0_60-b27)
# Java VM: Java HotSpot(TM) 64-Bit Server VM (25.60-b23 mixed mode windows-amd64 compressed oops)
Heap:
 PSYoungGen      total 239104K, used 221754K [0x00000000d5d00000, 0x00000000e9700000, 0x0000000100000000)
  eden space 215552K, 99% used [0x00000000d5d00000,0x00000000e2dac1c0,0x00000000e2f80000)
  from space 23552K, 34% used [0x00000000e2f80000,0x00000000e37629b0,0x00000000e4680000)
  to   space 22528K, 0% used [0x00000000e8100000,0x00000000e8100000,0x00000000e9700000)
 ParOldGen       total 95744K, used 30726K [0x0000000081600000, 0x0000000087380000, 0x00000000d5d00000)
  object space 95744K, 32% used [0x0000000081600000,0x0000000083401aa8,0x0000000087380000)
 Metaspace       used 41205K, capacity 41938K, committed 42288K, reserved 1087488K
  class space    used 4875K, capacity 5065K, committed 5168K, reserved 1048576K
GC Heap History (10 events):
Event: 16.351 GC heap before
{Heap before GC invocations=17 (full 1):
 PSYoungGen      total 118784K, used 118756K [0x00000000d5d00000, 0x00000000e1e00000, 0x0000000100000000)
  eden space 104448K, 100% used [0x00000000d5d00000,0x00000000dc300000,0x00000000dc300000)
  from space 14336K, 99% used [0x00000000dc300000,0x00000000dd0f9298,0x00000000dd100000)
  to   space 17920K, 0% used [0x00000000e0c80000,0x00000000e0c80000,0x00000000e1e00000)
 ParOldGen       total 64512K, used 28283K [0x0000000081600000, 0x0000000085500000, 0x00000000d5d00000)
  object space 64512K, 43% used [0x0000000081600000,0x000000008319ecf8,0x0000000085500000)
 Metaspace       used 23639K, capacity 24180K, committed 24240K, reserved 1071104K
  class space    used 2772K, capacity 2932K, committed 2992K, reserved 1048576K
Event: 16.375 GC heap after
Heap after GC invocations=17 (full 1):
 PSYoungGen      total 176640K, used 17917K [0x00000000d5d00000, 0x00000000e2480000, 0x0000000100000000)
  eden space 158720K, 0% used [0x00000000d5d00000,0x00000000d5d00000,0x00000000df800000)
  from space 17920K, 99% used [0x00000000e0c80000,0x00000000e1dff470,0x00000000e1e00000)
  to   space 20992K, 0% used [0x00000000df800000,0x00000000df800000,0x00000000e0c80000)
 ParOldGen       total 64512K, used 31063K [0x0000000081600000, 0x0000000085500000, 0x00000000d5d00000)
  object space 64512K, 48% used [0x0000000081600000,0x0000000083455ef0,0x0000000085500000)
 Metaspace       used 23639K, capacity 24180K, committed 24240K, reserved 1071104K
  class space    used 2772K, capacity 2932K, committed 2992K, reserved 1048576K
}
Event: 17.556 GC heap before
{Heap before GC invocations=18 (full 1):
 PSYoungGen      total 176640K, used 176637K [0x00000000d5d00000, 0x00000000e2480000, 0x0000000100000000)
  eden space 158720K, 100% used [0x00000000d5d00000,0x00000000df800000,0x00000000df800000)
  from space 17920K, 99% used [0x00000000e0c80000,0x00000000e1dff470,0x00000000e1e00000)
  to   space 20992K, 0% used [0x00000000df800000,0x00000000df800000,0x00000000e0c80000)
 ParOldGen       total 64512K, used 31063K [0x0000000081600000, 0x0000000085500000, 0x00000000d5d00000)
  object space 64512K, 48% used [0x0000000081600000,0x0000000083455ef0,0x0000000085500000)
 Metaspace       used 29360K, capacity 30014K, committed 30256K, reserved 1075200K
  class space    used 3454K, capacity 3619K, committed 3632K, reserved 1048576K
Event: 17.580 GC heap after
Heap after GC invocations=18 (full 1):
 PSYoungGen      total 179712K, used 20616K [0x00000000d5d00000, 0x00000000e5e00000, 0x0000000100000000)
  eden space 158720K, 0% used [0x00000000d5d00000,0x00000000d5d00000,0x00000000df800000)
  from space 20992K, 98% used [0x00000000df800000,0x00000000e0c220a8,0x00000000e0c80000)
  to   space 23552K, 0% used [0x00000000e4700000,0x00000000e4700000,0x00000000e5e00000)
 ParOldGen       total 64512K, used 32350K [0x0000000081600000, 0x0000000085500000, 0x00000000d5d00000)
  object space 64512K, 50% used [0x0000000081600000,0x0000000083597a28,0x0000000085500000)
 Metaspace       used 29360K, capacity 30014K, committed 30256K, reserved 1075200K
  class space    used 3454K, capacity 3619K, committed 3632K, reserved 1048576K
}
Event: 18.439 GC heap before
{Heap before GC invocations=19 (full 1):
 PSYoungGen      total 179712K, used 84030K [0x00000000d5d00000, 0x00000000e5e00000, 0x0000000100000000)
  eden space 158720K, 39% used [0x00000000d5d00000,0x00000000d9aeda98,0x00000000df800000)
  from space 20992K, 98% used [0x00000000df800000,0x00000000e0c220a8,0x00000000e0c80000)
  to   space 23552K, 0% used [0x00000000e4700000,0x00000000e4700000,0x00000000e5e00000)
 ParOldGen       total 64512K, used 32350K [0x0000000081600000, 0x0000000085500000, 0x00000000d5d00000)
  object space 64512K, 50% used [0x0000000081600000,0x0000000083597a28,0x0000000085500000)
 Metaspace       used 34596K, capacity 35216K, committed 35496K, reserved 1081344K
  class space    used 4133K, capacity 4326K, committed 4400K, reserved 1048576K
Event: 18.469 GC heap after
Heap after GC invocations=19 (full 1):
 PSYoungGen      total 238592K, used 6630K [0x00000000d5d00000, 0x00000000e5d80000, 0x0000000100000000)
  eden space 215552K, 0% used [0x00000000d5d00000,0x00000000d5d00000,0x00000000e2f80000)
  from space 23040K, 28% used [0x00000000e4700000,0x00000000e4d79bc8,0x00000000e5d80000)
  to   space 23552K, 0% used [0x00000000e2f80000,0x00000000e2f80000,0x00000000e4680000)
 ParOldGen       total 64512K, used 37929K [0x0000000081600000, 0x0000000085500000, 0x00000000d5d00000)
  object space 64512K, 58% used [0x0000000081600000,0x0000000083b0a4b8,0x0000000085500000)
 Metaspace       used 34596K, capacity 35216K, committed 35496K, reserved 1081344K
  class space    used 4133K, capacity 4326K, committed 4400K, reserved 1048576K
}
Event: 18.469 GC heap before
{Heap before GC invocations=20 (full 2):
 PSYoungGen      total 238592K, used 6630K [0x00000000d5d00000, 0x00000000e5d80000, 0x0000000100000000)
  eden space 215552K, 0% used [0x00000000d5d00000,0x00000000d5d00000,0x00000000e2f80000)
  from space 23040K, 28% used [0x00000000e4700000,0x00000000e4d79bc8,0x00000000e5d80000)
  to   space 23552K, 0% used [0x00000000e2f80000,0x00000000e2f80000,0x00000000e4680000)
 ParOldGen       total 64512K, used 37929K [0x0000000081600000, 0x0000000085500000, 0x00000000d5d00000)
  object space 64512K, 58% used [0x0000000081600000,0x0000000083b0a4b8,0x0000000085500000)
 Metaspace       used 34596K, capacity 35216K, committed 35496K, reserved 1081344K
  class space    used 4133K, capacity 4326K, committed 4400K, reserved 1048576K
Event: 18.577 GC heap after
Heap after GC invocations=20 (full 2):
 PSYoungGen      total 238592K, used 0K [0x00000000d5d00000, 0x00000000e5d80000, 0x0000000100000000)
  eden space 215552K, 0% used [0x00000000d5d00000,0x00000000d5d00000,0x00000000e2f80000)
  from space 23040K, 0% used [0x00000000e4700000,0x00000000e4700000,0x00000000e5d80000)
  to   space 23552K, 0% used [0x00000000e2f80000,0x00000000e2f80000,0x00000000e4680000)
 ParOldGen       total 95744K, used 30718K [0x0000000081600000, 0x0000000087380000, 0x00000000d5d00000)
  object space 95744K, 32% used [0x0000000081600000,0x00000000833ffaa8,0x0000000087380000)
 Metaspace       used 34596K, capacity 35216K, committed 35496K, reserved 1081344K
  class space    used 4133K, capacity 4326K, committed 4400K, reserved 1048576K
}
Event: 24111.990 GC heap before
{Heap before GC invocations=21 (full 2):
 PSYoungGen      total 238592K, used 215552K [0x00000000d5d00000, 0x00000000e5d80000, 0x0000000100000000)
  eden space 215552K, 100% used [0x00000000d5d00000,0x00000000e2f80000,0x00000000e2f80000)
  from space 23040K, 0% used [0x00000000e4700000,0x00000000e4700000,0x00000000e5d80000)
  to   space 23552K, 0% used [0x00000000e2f80000,0x00000000e2f80000,0x00000000e4680000)
 ParOldGen       total 95744K, used 30718K [0x0000000081600000, 0x0000000087380000, 0x00000000d5d00000)
  object space 95744K, 32% used [0x0000000081600000,0x00000000833ffaa8,0x0000000087380000)
 Metaspace       used 39814K, capacity 40510K, committed 40752K, reserved 1085440K
  class space    used 4729K, capacity 4911K, committed 4912K, reserved 1048576K
Event: 24112.241 GC heap after
Heap after GC invocations=21 (full 2):
 PSYoungGen      total 239104K, used 8074K [0x00000000d5d00000, 0x00000000e9700000, 0x0000000100000000)
  eden space 215552K, 0% used [0x00000000d5d00000,0x00000000d5d00000,0x00000000e2f80000)
  from space 23552K, 34% used [0x00000000e2f80000,0x00000000e37629b0,0x00000000e4680000)
  to   space 22528K, 0% used [0x00000000e8100000,0x00000000e8100000,0x00000000e9700000)
 ParOldGen       total 95744K, used 30726K [0x0000000081600000, 0x0000000087380000, 0x00000000d5d00000)
  object space 95744K, 32% used [0x0000000081600000,0x0000000083401aa8,0x0000000087380000)
 Metaspace       used 39814K, capacity 40510K, committed 40752K, reserved 1085440K
  class space    used 4729K, capacity 4911K, committed 4912K, reserved 1048576K
}

